<?xml version="1.0" encoding="UTF-8"?>
<!-- Generated by org.testng.reporters.JUnitReportReporter -->
<testsuite skipped="0" hostname="Admin-PC" name="com.crm.qa.testcases.HomePageTest" tests="1" failures="0" timestamp="10 Nov 2018 17:19:36 GMT" time="35.246" errors="0">
  <testcase name="verifyHomePageTest" time="35.246" classname="com.crm.qa.testcases.HomePageTest"/>
</testsuite> <!-- com.crm.qa.testcases.HomePageTest -->
