<?xml version="1.0" encoding="UTF-8"?>
<!-- Generated by org.testng.reporters.JUnitReportReporter -->
<testsuite skipped="0" hostname="Admin-PC" name="com.crm.qa.testcases.HomePageTest" tests="1" failures="0" timestamp="20 Nov 2018 13:58:05 GMT" time="29.982" errors="0">
  <testcase name="verifyHomePageTest" time="29.982" classname="com.crm.qa.testcases.HomePageTest"/>
</testsuite> <!-- com.crm.qa.testcases.HomePageTest -->
