<?xml version="1.0" encoding="UTF-8"?>
<!-- Generated by org.testng.reporters.JUnitReportReporter -->
<testsuite skipped="0" hostname="Admin-PC" name="com.crm.qa.testcases.LoginPageTest" tests="3" failures="0" timestamp="20 Nov 2018 13:58:05 GMT" time="57.817" errors="0">
  <testcase name="loginPageTitleTest" time="19.522" classname="com.crm.qa.testcases.LoginPageTest"/>
  <testcase name="validatecrmLogoTest" time="16.889" classname="com.crm.qa.testcases.LoginPageTest"/>
  <testcase name="loginTest" time="21.406" classname="com.crm.qa.testcases.LoginPageTest"/>
</testsuite> <!-- com.crm.qa.testcases.LoginPageTest -->
